2012-12-23 23:34:48 [INFO] [Multiverse-Inventories 2.5-b207] enabled.
2012-12-23 23:34:48 [INFO] [Multiverse-Inventories] No world groups have been configured!
2012-12-23 23:34:48 [INFO] [Multiverse-Inventories] This will cause all worlds configured for Multiverse to have separate player statistics/inventories.
2012-12-23 23:34:48 [INFO] [Multiverse-Inventories] First run!
2012-12-23 23:34:48 [INFO] [Multiverse-Inventories] Created a default group for you containing all of your default worlds: world, world_nether, world_the_end
2012-12-23 23:34:59 [INFO] [Multiverse-Inventories 2.5-b207] disabled.
2012-12-23 23:35:12 [INFO] [Multiverse-Inventories 2.5-b207] enabled.
2012-12-23 23:36:43 [INFO] [Multiverse-Inventories 2.5-b207] disabled.
2012-12-25 16:16:52 [INFO] [Multiverse-Inventories 2.5-b207] enabled.
2012-12-25 16:20:40 [INFO] [Multiverse-Inventories 2.5-b207] disabled.
2013-01-15 11:34:49 [INFO] [Multiverse-Inventories 2.5-b207] enabled.
2013-01-15 11:35:52 [INFO] [Multiverse-Inventories 2.5-b207] disabled.
2013-01-15 13:27:19 [INFO] [Multiverse-Inventories 2.5-b207] enabled.
2013-01-15 13:28:51 [INFO] [Multiverse-Inventories 2.5-b207] disabled.
2013-01-15 17:16:27 [INFO] [Multiverse-Inventories 2.5-b207] enabled.
2013-01-15 17:17:17 [INFO] [Multiverse-Inventories 2.5-b207] disabled.
2013-01-15 17:17:31 [INFO] [Multiverse-Inventories 2.5-b207] enabled.
2013-01-15 17:18:38 [INFO] [Multiverse-Inventories 2.5-b207] disabled.
2013-01-15 17:18:56 [INFO] [Multiverse-Inventories 2.5-b207] enabled.
2013-01-15 17:19:24 [INFO] [Multiverse-Inventories 2.5-b207] disabled.
2013-01-15 17:19:38 [INFO] [Multiverse-Inventories 2.5-b207] enabled.
2013-01-15 17:21:01 [INFO] [Multiverse-Inventories 2.5-b207] disabled.
2013-01-15 17:23:46 [INFO] [Multiverse-Inventories 2.5-b207] enabled.
2013-01-15 17:24:48 [INFO] [Multiverse-Inventories 2.5-b207] disabled.
2013-01-15 17:25:02 [INFO] [Multiverse-Inventories 2.5-b207] enabled.
2013-01-15 17:25:11 [INFO] [Multiverse-Inventories 2.5-b207] disabled.
2013-01-15 17:40:10 [INFO] [Multiverse-Inventories 2.5-b207] enabled.
2013-01-15 17:41:50 [INFO] [Multiverse-Inventories 2.5-b207] disabled.
2013-01-15 17:42:04 [INFO] [Multiverse-Inventories 2.5-b207] enabled.
2013-01-15 17:44:40 [INFO] [Multiverse-Inventories 2.5-b207] disabled.
2013-01-15 17:44:54 [INFO] [Multiverse-Inventories 2.5-b207] enabled.
2013-01-15 17:46:36 [INFO] [Multiverse-Inventories 2.5-b207] disabled.
2013-01-15 17:46:52 [INFO] [Multiverse-Inventories 2.5-b207] enabled.
2013-01-15 17:51:14 [INFO] [Multiverse-Inventories 2.5-b207] disabled.
2013-01-15 17:51:29 [INFO] [Multiverse-Inventories 2.5-b207] enabled.
2013-01-15 18:01:46 [INFO] [Multiverse-Inventories 2.5-b207] disabled.
2013-01-15 18:02:07 [INFO] [Multiverse-Inventories 2.5-b207] enabled.
2013-01-15 18:05:15 [INFO] [Multiverse-Inventories 2.5-b207] disabled.
2013-01-15 18:05:29 [INFO] [Multiverse-Inventories 2.5-b207] enabled.
2013-01-15 18:06:44 [INFO] [Multiverse-Inventories 2.5-b207] disabled.
2013-01-15 18:06:57 [INFO] [Multiverse-Inventories 2.5-b207] enabled.
2013-01-15 18:08:53 [INFO] [Multiverse-Inventories 2.5-b207] disabled.
2013-01-15 21:06:59 [INFO] [Multiverse-Inventories 2.5-b207] enabled.
2013-01-15 21:16:17 [INFO] [Multiverse-Inventories 2.5-b207] disabled.
2013-01-15 21:16:32 [INFO] [Multiverse-Inventories 2.5-b207] enabled.
2013-01-15 21:23:55 [INFO] [Multiverse-Inventories 2.5-b207] disabled.
2013-01-15 21:24:11 [INFO] [Multiverse-Inventories 2.5-b207] enabled.
2013-01-15 21:24:17 [INFO] [Multiverse-Inventories 2.5-b207] disabled.
2013-01-15 21:24:30 [INFO] [Multiverse-Inventories 2.5-b207] enabled.
2013-01-15 21:25:54 [INFO] [Multiverse-Inventories 2.5-b207] disabled.
2013-01-15 21:26:08 [INFO] [Multiverse-Inventories 2.5-b207] enabled.
2013-01-15 21:30:59 [INFO] [Multiverse-Inventories 2.5-b207] disabled.
2013-01-15 21:31:17 [INFO] [Multiverse-Inventories 2.5-b207] enabled.
2013-01-15 21:44:07 [INFO] [Multiverse-Inventories 2.5-b207] disabled.
2013-01-15 21:44:22 [INFO] [Multiverse-Inventories 2.5-b207] enabled.
2013-01-15 21:47:16 [INFO] [Multiverse-Inventories 2.5-b207] disabled.
2013-01-16 21:11:58 [INFO] [Multiverse-Inventories 2.5-b207] enabled.
2013-01-16 21:13:37 [INFO] [Multiverse-Inventories 2.5-b207] disabled.
2013-01-16 21:15:21 [INFO] [Multiverse-Inventories 2.5-b207] enabled.
2013-01-16 21:17:28 [INFO] [Multiverse-Inventories 2.5-b207] disabled.
2013-01-16 21:17:44 [INFO] [Multiverse-Inventories 2.5-b207] enabled.
2013-01-17 13:52:43 [INFO] [Multiverse-Inventories 2.5-b207] enabled.
2013-01-17 13:52:54 [INFO] [Multiverse-Inventories 2.5-b207] disabled.
2013-01-17 13:53:08 [INFO] [Multiverse-Inventories 2.5-b207] enabled.
2013-01-17 13:58:45 [INFO] [Multiverse-Inventories 2.5-b207] disabled.
2013-01-17 13:59:00 [INFO] [Multiverse-Inventories 2.5-b207] enabled.
2013-01-17 14:03:08 [INFO] [Multiverse-Inventories 2.5-b207] disabled.
2013-01-17 14:03:23 [INFO] [Multiverse-Inventories 2.5-b207] enabled.
2013-01-17 14:03:56 [INFO] [Multiverse-Inventories 2.5-b207] disabled.
2013-01-17 14:04:11 [INFO] [Multiverse-Inventories 2.5-b207] enabled.
2013-01-17 14:07:08 [INFO] [Multiverse-Inventories 2.5-b207] disabled.
2013-01-17 14:07:23 [INFO] [Multiverse-Inventories 2.5-b207] enabled.
2013-01-17 14:08:50 [INFO] [Multiverse-Inventories 2.5-b207] disabled.
2013-01-17 14:09:04 [INFO] [Multiverse-Inventories 2.5-b207] enabled.
2013-01-17 14:12:01 [INFO] [Multiverse-Inventories 2.5-b207] disabled.
2013-01-17 14:12:18 [INFO] [Multiverse-Inventories 2.5-b207] enabled.
2013-01-17 14:16:44 [INFO] [Multiverse-Inventories 2.5-b207] disabled.
2013-01-17 14:16:58 [INFO] [Multiverse-Inventories 2.5-b207] enabled.
2013-01-17 14:18:32 [INFO] [Multiverse-Inventories 2.5-b207] disabled.
2013-01-17 14:18:47 [INFO] [Multiverse-Inventories 2.5-b207] enabled.
2013-01-17 14:26:28 [INFO] [Multiverse-Inventories 2.5-b207] disabled.
2013-01-17 14:26:44 [INFO] [Multiverse-Inventories 2.5-b207] enabled.
2013-01-17 14:27:40 [INFO] [Multiverse-Inventories 2.5-b207] disabled.
2013-01-17 14:27:53 [INFO] [Multiverse-Inventories 2.5-b207] enabled.
2013-01-17 14:30:36 [INFO] [Multiverse-Inventories 2.5-b207] disabled.
2013-01-17 14:30:50 [INFO] [Multiverse-Inventories 2.5-b207] enabled.
2013-01-17 14:39:31 [INFO] [Multiverse-Inventories 2.5-b207] disabled.
2013-01-17 14:39:45 [INFO] [Multiverse-Inventories 2.5-b207] enabled.
2013-01-17 14:42:47 [INFO] [Multiverse-Inventories 2.5-b207] disabled.
2013-01-17 14:43:01 [INFO] [Multiverse-Inventories 2.5-b207] enabled.
2013-01-17 14:44:35 [INFO] [Multiverse-Inventories 2.5-b207] disabled.
2013-01-17 14:44:49 [INFO] [Multiverse-Inventories 2.5-b207] enabled.
2013-01-17 14:47:17 [INFO] [Multiverse-Inventories 2.5-b207] disabled.
2013-01-17 14:47:34 [INFO] [Multiverse-Inventories 2.5-b207] enabled.
2013-01-17 14:48:46 [INFO] [Multiverse-Inventories 2.5-b207] disabled.
2013-01-17 14:49:00 [INFO] [Multiverse-Inventories 2.5-b207] enabled.
2013-01-17 14:51:24 [INFO] [Multiverse-Inventories 2.5-b207] disabled.
2013-01-17 14:51:37 [INFO] [Multiverse-Inventories 2.5-b207] enabled.
2013-01-17 14:55:36 [INFO] [Multiverse-Inventories 2.5-b207] disabled.
2013-01-17 14:55:49 [INFO] [Multiverse-Inventories 2.5-b207] enabled.
2013-01-17 14:58:23 [INFO] [Multiverse-Inventories 2.5-b207] enabled.
2013-01-17 15:01:21 [INFO] [Multiverse-Inventories 2.5-b207] disabled.
2013-01-17 20:40:23 [INFO] [Multiverse-Inventories 2.5-b207] enabled.
2013-01-17 20:42:26 [INFO] [Multiverse-Inventories 2.5-b207] disabled.
2013-01-17 20:42:45 [INFO] [Multiverse-Inventories 2.5-b207] enabled.
2013-01-17 20:48:34 [INFO] [Multiverse-Inventories 2.5-b207] disabled.
2013-01-17 20:48:48 [INFO] [Multiverse-Inventories 2.5-b207] enabled.
2013-01-17 20:50:16 [INFO] [Multiverse-Inventories 2.5-b207] disabled.
2013-01-17 20:50:30 [INFO] [Multiverse-Inventories 2.5-b207] enabled.
2013-01-17 21:02:10 [INFO] [Multiverse-Inventories 2.5-b207] disabled.
2013-01-17 21:02:33 [INFO] [Multiverse-Inventories 2.5-b207] enabled.
2013-01-17 21:04:27 [INFO] [Multiverse-Inventories 2.5-b207] disabled.
2013-01-17 21:04:40 [INFO] [Multiverse-Inventories 2.5-b207] enabled.
2013-01-17 21:06:01 [INFO] [Multiverse-Inventories 2.5-b207] disabled.
2013-01-17 21:06:19 [INFO] [Multiverse-Inventories 2.5-b207] enabled.
2013-01-17 21:07:29 [INFO] [Multiverse-Inventories 2.5-b207] disabled.
2013-01-17 21:07:43 [INFO] [Multiverse-Inventories 2.5-b207] enabled.
2013-01-17 21:08:34 [INFO] [Multiverse-Inventories 2.5-b207] disabled.
2013-01-17 21:08:52 [INFO] [Multiverse-Inventories 2.5-b207] enabled.
2013-01-17 21:25:53 [INFO] [Multiverse-Inventories 2.5-b207] disabled.
2013-01-22 15:49:44 [INFO] [Multiverse-Inventories 2.5-b207] enabled.
2013-01-22 15:53:05 [INFO] [Multiverse-Inventories 2.5-b207] disabled.
2013-01-22 15:53:27 [INFO] [Multiverse-Inventories 2.5-b207] enabled.
2013-01-22 15:58:30 [INFO] [Multiverse-Inventories 2.5-b207] disabled.
2013-01-22 15:58:47 [INFO] [Multiverse-Inventories 2.5-b207] enabled.
2013-01-22 16:03:24 [INFO] [Multiverse-Inventories 2.5-b207] disabled.
2013-01-22 16:03:38 [INFO] [Multiverse-Inventories 2.5-b207] enabled.
2013-01-22 16:05:05 [INFO] [Multiverse-Inventories 2.5-b207] disabled.
2013-01-22 16:05:19 [INFO] [Multiverse-Inventories 2.5-b207] enabled.
2013-01-22 16:10:38 [INFO] [Multiverse-Inventories 2.5-b207] disabled.
2013-01-22 16:37:32 [INFO] [Multiverse-Inventories 2.5-b207] enabled.
2013-01-22 16:37:58 [INFO] [Multiverse-Inventories 2.5-b207] disabled.
2013-01-22 16:38:58 [INFO] [Multiverse-Inventories 2.5-b207] enabled.
2013-01-22 16:39:24 [INFO] [Multiverse-Inventories 2.5-b207] disabled.
2013-01-22 16:40:27 [INFO] [Multiverse-Inventories 2.5-b207] enabled.
2013-01-22 16:40:39 [INFO] [Multiverse-Inventories 2.5-b207] disabled.
2013-01-24 16:18:08 [INFO] [Multiverse-Inventories 2.5-b207] enabled.
2013-01-24 16:21:04 [INFO] [Multiverse-Inventories 2.5-b207] disabled.
2013-01-24 16:21:19 [INFO] [Multiverse-Inventories 2.5-b207] enabled.
2013-01-24 16:22:51 [INFO] [Multiverse-Inventories 2.5-b207] disabled.
2013-01-24 16:23:05 [INFO] [Multiverse-Inventories 2.5-b207] enabled.
2013-01-24 16:24:27 [INFO] [Multiverse-Inventories 2.5-b207] disabled.
2013-01-24 16:24:40 [INFO] [Multiverse-Inventories 2.5-b207] enabled.
2013-01-24 16:28:55 [INFO] [Multiverse-Inventories 2.5-b207] disabled.
2013-01-24 16:29:09 [INFO] [Multiverse-Inventories 2.5-b207] enabled.
2013-01-24 16:32:06 [INFO] [Multiverse-Inventories 2.5-b207] disabled.
2013-01-24 16:32:21 [INFO] [Multiverse-Inventories 2.5-b207] enabled.
2013-01-24 16:35:22 [INFO] [Multiverse-Inventories 2.5-b207] disabled.
2013-01-24 16:35:36 [INFO] [Multiverse-Inventories 2.5-b207] enabled.
2013-01-24 16:46:53 [INFO] [Multiverse-Inventories 2.5-b207] disabled.
2013-01-24 16:47:20 [INFO] [Multiverse-Inventories 2.5-b207] enabled.
2013-01-24 16:49:47 [INFO] [Multiverse-Inventories 2.5-b207] disabled.
2013-01-24 17:18:14 [INFO] [Multiverse-Inventories 2.5-b207] enabled.
2013-01-24 17:19:29 [INFO] [Multiverse-Inventories 2.5-b207] disabled.
2013-01-24 17:19:44 [INFO] [Multiverse-Inventories 2.5-b207] enabled.
2013-01-24 17:20:54 [INFO] [Multiverse-Inventories 2.5-b207] disabled.
2013-01-25 23:33:22 [INFO] [Multiverse-Inventories 2.5-b207] enabled.
2013-01-26 00:10:35 [INFO] [Multiverse-Inventories 2.5-b207] disabled.
2013-01-26 00:10:49 [INFO] [Multiverse-Inventories 2.5-b207] enabled.
2013-01-26 00:12:31 [INFO] [Multiverse-Inventories 2.5-b207] disabled.
2013-01-26 00:12:48 [INFO] [Multiverse-Inventories 2.5-b207] enabled.
2013-01-26 00:14:43 [INFO] [Multiverse-Inventories 2.5-b207] disabled.
2013-01-26 00:14:57 [INFO] [Multiverse-Inventories 2.5-b207] enabled.
2013-01-26 00:21:12 [INFO] [Multiverse-Inventories 2.5-b207] disabled.
2013-01-26 00:21:26 [INFO] [Multiverse-Inventories 2.5-b207] enabled.
2013-01-26 00:21:55 [INFO] [Multiverse-Inventories 2.5-b207] disabled.
2013-01-26 00:22:12 [INFO] [Multiverse-Inventories 2.5-b207] enabled.
2013-01-29 19:48:23 [INFO] [Multiverse-Inventories 2.5-b207] enabled.
2013-01-29 19:48:28 [INFO] [Multiverse-Inventories 2.5-b207] disabled.
2013-01-29 19:48:33 [INFO] [Multiverse-Inventories 2.5-b207] enabled.
2013-01-29 19:50:28 [INFO] [Multiverse-Inventories 2.5-b207] disabled.
2013-01-29 19:50:49 [INFO] [Multiverse-Inventories 2.5-b207] enabled.
2013-01-29 19:56:28 [INFO] [Multiverse-Inventories 2.5-b207] disabled.
2013-01-29 19:56:43 [INFO] [Multiverse-Inventories 2.5-b207] enabled.
2013-01-29 19:56:45 [INFO] [Multiverse-Inventories 2.5-b207] disabled.
2013-01-29 20:07:39 [INFO] [Multiverse-Inventories 2.5-b207] enabled.
2013-01-29 20:07:42 [INFO] [Multiverse-Inventories 2.5-b207] disabled.
